{"/home/aditya/SOI_WebDev_2024/server/index.js": {"path":"/home/aditya/SOI_WebDev_2024/server/index.js","statementMap":{"0":{"start":{"line":1,"column":16},"end":{"line":1,"column":34}},"1":{"start":{"line":2,"column":17},"end":{"line":2,"column":36}},"2":{"start":{"line":3,"column":14},"end":{"line":3,"column":30}},"3":{"start":{"line":4,"column":13},"end":{"line":4,"column":28}},"4":{"start":{"line":5,"column":16},"end":{"line":5,"column":42}},"5":{"start":{"line":6,"column":17},"end":{"line":6,"column":36}},"6":{"start":{"line":7,"column":22},"end":{"line":7,"column":56}},"7":{"start":{"line":8,"column":19},"end":{"line":8,"column":43}},"8":{"start":{"line":9,"column":14},"end":{"line":9,"column":42}},"9":{"start":{"line":10,"column":13},"end":{"line":10,"column":38}},"10":{"start":{"line":11,"column":52},"end":{"line":11,"column":70}},"11":{"start":{"line":12,"column":18},"end":{"line":12,"column":49}},"12":{"start":{"line":13,"column":12},"end":{"line":13,"column":21}},"13":{"start":{"line":14,"column":0},"end":{"line":14,"column":24}},"14":{"start":{"line":15,"column":0},"end":{"line":21,"column":3}},"15":{"start":{"line":24,"column":12},"end":{"line":24,"column":145}},"16":{"start":{"line":25,"column":0},"end":{"line":33,"column":3}},"17":{"start":{"line":30,"column":2},"end":{"line":30,"column":58}},"18":{"start":{"line":32,"column":2},"end":{"line":32,"column":81}},"19":{"start":{"line":36,"column":0},"end":{"line":42,"column":4}},"20":{"start":{"line":44,"column":0},"end":{"line":44,"column":31}},"21":{"start":{"line":45,"column":0},"end":{"line":45,"column":28}},"22":{"start":{"line":49,"column":0},"end":{"line":64,"column":3}},"23":{"start":{"line":50,"column":2},"end":{"line":63,"column":3}},"24":{"start":{"line":51,"column":17},"end":{"line":51,"column":64}},"25":{"start":{"line":57,"column":4},"end":{"line":59,"column":5}},"26":{"start":{"line":58,"column":6},"end":{"line":58,"column":52}},"27":{"start":{"line":60,"column":4},"end":{"line":60,"column":19}},"28":{"start":{"line":62,"column":4},"end":{"line":62,"column":40}},"29":{"start":{"line":67,"column":0},"end":{"line":82,"column":4}},"30":{"start":{"line":68,"column":2},"end":{"line":81,"column":3}},"31":{"start":{"line":69,"column":17},"end":{"line":69,"column":46}},"32":{"start":{"line":71,"column":4},"end":{"line":73,"column":5}},"33":{"start":{"line":72,"column":6},"end":{"line":72,"column":62}},"34":{"start":{"line":74,"column":20},"end":{"line":74,"column":56}},"35":{"start":{"line":75,"column":4},"end":{"line":77,"column":5}},"36":{"start":{"line":76,"column":6},"end":{"line":76,"column":66}},"37":{"start":{"line":78,"column":4},"end":{"line":78,"column":28}},"38":{"start":{"line":80,"column":4},"end":{"line":80,"column":21}},"39":{"start":{"line":84,"column":0},"end":{"line":86,"column":3}},"40":{"start":{"line":85,"column":2},"end":{"line":85,"column":22}},"41":{"start":{"line":88,"column":0},"end":{"line":92,"column":3}},"42":{"start":{"line":89,"column":2},"end":{"line":91,"column":5}},"43":{"start":{"line":90,"column":4},"end":{"line":90,"column":20}},"44":{"start":{"line":94,"column":0},"end":{"line":104,"column":3}},"45":{"start":{"line":95,"column":2},"end":{"line":103,"column":21}},"46":{"start":{"line":96,"column":4},"end":{"line":96,"column":30}},"47":{"start":{"line":96,"column":13},"end":{"line":96,"column":30}},"48":{"start":{"line":97,"column":4},"end":{"line":97,"column":57}},"49":{"start":{"line":97,"column":15},"end":{"line":97,"column":57}},"50":{"start":{"line":99,"column":4},"end":{"line":102,"column":7}},"51":{"start":{"line":100,"column":6},"end":{"line":100,"column":32}},"52":{"start":{"line":100,"column":15},"end":{"line":100,"column":32}},"53":{"start":{"line":101,"column":6},"end":{"line":101,"column":28}},"54":{"start":{"line":107,"column":0},"end":{"line":127,"column":3}},"55":{"start":{"line":108,"column":50},"end":{"line":108,"column":58}},"56":{"start":{"line":111,"column":2},"end":{"line":113,"column":3}},"57":{"start":{"line":112,"column":4},"end":{"line":112,"column":78}},"58":{"start":{"line":115,"column":2},"end":{"line":126,"column":3}},"59":{"start":{"line":117,"column":17},"end":{"line":117,"column":66}},"60":{"start":{"line":120,"column":4},"end":{"line":120,"column":22}},"61":{"start":{"line":121,"column":4},"end":{"line":121,"column":41}},"62":{"start":{"line":122,"column":4},"end":{"line":122,"column":27}},"63":{"start":{"line":124,"column":4},"end":{"line":124,"column":46}},"64":{"start":{"line":125,"column":4},"end":{"line":125,"column":38}},"65":{"start":{"line":133,"column":15},"end":{"line":139,"column":2}},"66":{"start":{"line":142,"column":2},"end":{"line":248,"column":3}},"67":{"start":{"line":143,"column":4},"end":{"line":143,"column":27}},"68":{"start":{"line":144,"column":4},"end":{"line":144,"column":57}},"69":{"start":{"line":146,"column":28},"end":{"line":146,"column":74}},"70":{"start":{"line":148,"column":4},"end":{"line":157,"column":7}},"71":{"start":{"line":149,"column":6},"end":{"line":156,"column":7}},"72":{"start":{"line":150,"column":21},"end":{"line":150,"column":29}},"73":{"start":{"line":151,"column":23},"end":{"line":151,"column":60}},"74":{"start":{"line":152,"column":8},"end":{"line":152,"column":25}},"75":{"start":{"line":154,"column":8},"end":{"line":154,"column":52}},"76":{"start":{"line":155,"column":8},"end":{"line":155,"column":53}},"77":{"start":{"line":159,"column":4},"end":{"line":173,"column":7}},"78":{"start":{"line":160,"column":6},"end":{"line":172,"column":7}},"79":{"start":{"line":161,"column":19},"end":{"line":161,"column":32}},"80":{"start":{"line":162,"column":31},"end":{"line":162,"column":39}},"81":{"start":{"line":163,"column":23},"end":{"line":163,"column":48}},"82":{"start":{"line":164,"column":27},"end":{"line":164,"column":58}},"83":{"start":{"line":165,"column":24},"end":{"line":165,"column":40}},"84":{"start":{"line":167,"column":23},"end":{"line":167,"column":83}},"85":{"start":{"line":168,"column":8},"end":{"line":168,"column":25}},"86":{"start":{"line":170,"column":8},"end":{"line":170,"column":51}},"87":{"start":{"line":171,"column":8},"end":{"line":171,"column":52}},"88":{"start":{"line":175,"column":4},"end":{"line":185,"column":7}},"89":{"start":{"line":176,"column":6},"end":{"line":184,"column":7}},"90":{"start":{"line":177,"column":19},"end":{"line":177,"column":32}},"91":{"start":{"line":178,"column":23},"end":{"line":178,"column":48}},"92":{"start":{"line":179,"column":23},"end":{"line":179,"column":62}},"93":{"start":{"line":180,"column":8},"end":{"line":180,"column":25}},"94":{"start":{"line":182,"column":8},"end":{"line":182,"column":51}},"95":{"start":{"line":183,"column":8},"end":{"line":183,"column":52}},"96":{"start":{"line":187,"column":4},"end":{"line":197,"column":7}},"97":{"start":{"line":188,"column":6},"end":{"line":196,"column":7}},"98":{"start":{"line":189,"column":19},"end":{"line":189,"column":32}},"99":{"start":{"line":190,"column":23},"end":{"line":190,"column":48}},"100":{"start":{"line":191,"column":23},"end":{"line":191,"column":60}},"101":{"start":{"line":192,"column":8},"end":{"line":192,"column":25}},"102":{"start":{"line":194,"column":8},"end":{"line":194,"column":51}},"103":{"start":{"line":195,"column":8},"end":{"line":195,"column":52}},"104":{"start":{"line":199,"column":4},"end":{"line":211,"column":7}},"105":{"start":{"line":200,"column":6},"end":{"line":210,"column":7}},"106":{"start":{"line":201,"column":20},"end":{"line":201,"column":22}},"107":{"start":{"line":202,"column":8},"end":{"line":204,"column":9}},"108":{"start":{"line":203,"column":10},"end":{"line":203,"column":55}},"109":{"start":{"line":205,"column":23},"end":{"line":205,"column":66}},"110":{"start":{"line":206,"column":8},"end":{"line":206,"column":25}},"111":{"start":{"line":208,"column":8},"end":{"line":208,"column":52}},"112":{"start":{"line":209,"column":8},"end":{"line":209,"column":53}},"113":{"start":{"line":214,"column":0},"end":{"line":226,"column":5}},"114":{"start":{"line":215,"column":4},"end":{"line":225,"column":5}},"115":{"start":{"line":216,"column":17},"end":{"line":216,"column":30}},"116":{"start":{"line":217,"column":21},"end":{"line":217,"column":46}},"117":{"start":{"line":218,"column":21},"end":{"line":218,"column":43}},"118":{"start":{"line":220,"column":21},"end":{"line":220,"column":68}},"119":{"start":{"line":221,"column":6},"end":{"line":221,"column":23}},"120":{"start":{"line":223,"column":6},"end":{"line":223,"column":59}},"121":{"start":{"line":224,"column":6},"end":{"line":224,"column":60}},"122":{"start":{"line":229,"column":2},"end":{"line":241,"column":5}},"123":{"start":{"line":230,"column":4},"end":{"line":240,"column":5}},"124":{"start":{"line":231,"column":17},"end":{"line":231,"column":30}},"125":{"start":{"line":232,"column":21},"end":{"line":232,"column":46}},"126":{"start":{"line":233,"column":21},"end":{"line":233,"column":44}},"127":{"start":{"line":235,"column":21},"end":{"line":235,"column":68}},"128":{"start":{"line":236,"column":6},"end":{"line":236,"column":23}},"129":{"start":{"line":238,"column":6},"end":{"line":238,"column":59}},"130":{"start":{"line":239,"column":6},"end":{"line":239,"column":60}},"131":{"start":{"line":244,"column":4},"end":{"line":244,"column":50}},"132":{"start":{"line":245,"column":4},"end":{"line":245,"column":82}},"133":{"start":{"line":247,"column":4},"end":{"line":247,"column":53}},"134":{"start":{"line":251,"column":0},"end":{"line":251,"column":25}},"135":{"start":{"line":255,"column":2},"end":{"line":289,"column":3}},"136":{"start":{"line":256,"column":4},"end":{"line":256,"column":27}},"137":{"start":{"line":257,"column":4},"end":{"line":257,"column":57}},"138":{"start":{"line":259,"column":27},"end":{"line":259,"column":74}},"139":{"start":{"line":262,"column":4},"end":{"line":270,"column":7}},"140":{"start":{"line":263,"column":6},"end":{"line":269,"column":7}},"141":{"start":{"line":264,"column":22},"end":{"line":264,"column":61}},"142":{"start":{"line":265,"column":8},"end":{"line":265,"column":24}},"143":{"start":{"line":267,"column":8},"end":{"line":267,"column":52}},"144":{"start":{"line":268,"column":8},"end":{"line":268,"column":53}},"145":{"start":{"line":272,"column":4},"end":{"line":282,"column":9}},"146":{"start":{"line":273,"column":8},"end":{"line":281,"column":9}},"147":{"start":{"line":274,"column":21},"end":{"line":274,"column":34}},"148":{"start":{"line":275,"column":25},"end":{"line":275,"column":50}},"149":{"start":{"line":276,"column":25},"end":{"line":276,"column":63}},"150":{"start":{"line":277,"column":10},"end":{"line":277,"column":27}},"151":{"start":{"line":279,"column":10},"end":{"line":279,"column":53}},"152":{"start":{"line":280,"column":10},"end":{"line":280,"column":54}},"153":{"start":{"line":285,"column":4},"end":{"line":285,"column":50}},"154":{"start":{"line":286,"column":4},"end":{"line":286,"column":82}},"155":{"start":{"line":288,"column":4},"end":{"line":288,"column":53}},"156":{"start":{"line":292,"column":0},"end":{"line":292,"column":36}},"157":{"start":{"line":294,"column":0},"end":{"line":299,"column":3}},"158":{"start":{"line":295,"column":2},"end":{"line":297,"column":3}},"159":{"start":{"line":296,"column":4},"end":{"line":296,"column":60}},"160":{"start":{"line":298,"column":2},"end":{"line":298,"column":40}},"161":{"start":{"line":301,"column":0},"end":{"line":311,"column":3}},"162":{"start":{"line":302,"column":35},"end":{"line":302,"column":43}},"163":{"start":{"line":303,"column":21},"end":{"line":303,"column":58}},"164":{"start":{"line":305,"column":2},"end":{"line":310,"column":3}},"165":{"start":{"line":306,"column":4},"end":{"line":306,"column":28}},"166":{"start":{"line":307,"column":4},"end":{"line":307,"column":37}},"167":{"start":{"line":309,"column":4},"end":{"line":309,"column":49}},"168":{"start":{"line":317,"column":0},"end":{"line":336,"column":5}},"169":{"start":{"line":318,"column":4},"end":{"line":335,"column":5}},"170":{"start":{"line":319,"column":17},"end":{"line":319,"column":30}},"171":{"start":{"line":320,"column":24},"end":{"line":320,"column":32}},"172":{"start":{"line":321,"column":21},"end":{"line":321,"column":46}},"173":{"start":{"line":322,"column":21},"end":{"line":322,"column":59}},"174":{"start":{"line":323,"column":22},"end":{"line":323,"column":39}},"175":{"start":{"line":325,"column":21},"end":{"line":325,"column":66}},"176":{"start":{"line":327,"column":6},"end":{"line":329,"column":7}},"177":{"start":{"line":328,"column":8},"end":{"line":328,"column":73}},"178":{"start":{"line":331,"column":6},"end":{"line":331,"column":50}},"179":{"start":{"line":333,"column":6},"end":{"line":333,"column":55}},"180":{"start":{"line":334,"column":6},"end":{"line":334,"column":56}},"181":{"start":{"line":338,"column":2},"end":{"line":357,"column":5}},"182":{"start":{"line":339,"column":50},"end":{"line":339,"column":58}},"183":{"start":{"line":340,"column":2},"end":{"line":340,"column":23}},"184":{"start":{"line":341,"column":4},"end":{"line":356,"column":5}},"185":{"start":{"line":342,"column":26},"end":{"line":346,"column":7}},"186":{"start":{"line":348,"column":6},"end":{"line":350,"column":7}},"187":{"start":{"line":349,"column":8},"end":{"line":349,"column":54}},"188":{"start":{"line":352,"column":6},"end":{"line":352,"column":28}},"189":{"start":{"line":354,"column":6},"end":{"line":354,"column":49}},"190":{"start":{"line":355,"column":6},"end":{"line":355,"column":80}},"191":{"start":{"line":360,"column":2},"end":{"line":383,"column":5}},"192":{"start":{"line":361,"column":35},"end":{"line":361,"column":43}},"193":{"start":{"line":363,"column":4},"end":{"line":365,"column":5}},"194":{"start":{"line":364,"column":6},"end":{"line":364,"column":96}},"195":{"start":{"line":367,"column":4},"end":{"line":382,"column":5}},"196":{"start":{"line":368,"column":29},"end":{"line":368,"column":63}},"197":{"start":{"line":369,"column":19},"end":{"line":373,"column":7}},"198":{"start":{"line":375,"column":6},"end":{"line":377,"column":7}},"199":{"start":{"line":376,"column":8},"end":{"line":376,"column":67}},"200":{"start":{"line":379,"column":6},"end":{"line":379,"column":61}},"201":{"start":{"line":381,"column":6},"end":{"line":381,"column":55}},"202":{"start":{"line":385,"column":2},"end":{"line":392,"column":5}},"203":{"start":{"line":386,"column":4},"end":{"line":391,"column":5}},"204":{"start":{"line":387,"column":27},"end":{"line":387,"column":51}},"205":{"start":{"line":388,"column":6},"end":{"line":388,"column":29}},"206":{"start":{"line":390,"column":6},"end":{"line":390,"column":55}},"207":{"start":{"line":395,"column":2},"end":{"line":414,"column":5}},"208":{"start":{"line":396,"column":75},"end":{"line":396,"column":83}},"209":{"start":{"line":398,"column":27},"end":{"line":406,"column":6}},"210":{"start":{"line":408,"column":4},"end":{"line":413,"column":5}},"211":{"start":{"line":409,"column":31},"end":{"line":409,"column":58}},"212":{"start":{"line":410,"column":6},"end":{"line":410,"column":45}},"213":{"start":{"line":412,"column":6},"end":{"line":412,"column":55}},"214":{"start":{"line":415,"column":2},"end":{"line":431,"column":5}},"215":{"start":{"line":416,"column":4},"end":{"line":430,"column":5}},"216":{"start":{"line":417,"column":27},"end":{"line":417,"column":51}},"217":{"start":{"line":418,"column":24},"end":{"line":426,"column":9}},"218":{"start":{"line":418,"column":57},"end":{"line":426,"column":7}},"219":{"start":{"line":427,"column":6},"end":{"line":427,"column":26}},"220":{"start":{"line":429,"column":6},"end":{"line":429,"column":55}},"221":{"start":{"line":433,"column":2},"end":{"line":445,"column":5}},"222":{"start":{"line":434,"column":4},"end":{"line":444,"column":5}},"223":{"start":{"line":435,"column":26},"end":{"line":435,"column":67}},"224":{"start":{"line":436,"column":6},"end":{"line":438,"column":7}},"225":{"start":{"line":437,"column":8},"end":{"line":437,"column":62}},"226":{"start":{"line":439,"column":6},"end":{"line":439,"column":29}},"227":{"start":{"line":440,"column":6},"end":{"line":440,"column":31}},"228":{"start":{"line":441,"column":6},"end":{"line":441,"column":40}},"229":{"start":{"line":443,"column":6},"end":{"line":443,"column":34}},"230":{"start":{"line":453,"column":0},"end":{"line":455,"column":3}},"231":{"start":{"line":454,"column":2},"end":{"line":454,"column":48}}},"fnMap":{"0":{"name":"(anonymous_0)","decl":{"start":{"line":29,"column":8},"end":{"line":29,"column":9}},"loc":{"start":{"line":29,"column":14},"end":{"line":31,"column":1}},"line":29},"1":{"name":"(anonymous_1)","decl":{"start":{"line":31,"column":9},"end":{"line":31,"column":10}},"loc":{"start":{"line":31,"column":16},"end":{"line":33,"column":1}},"line":31},"2":{"name":"(anonymous_2)","decl":{"start":{"line":49,"column":29},"end":{"line":49,"column":30}},"loc":{"start":{"line":49,"column":49},"end":{"line":64,"column":1}},"line":49},"3":{"name":"(anonymous_3)","decl":{"start":{"line":67,"column":59},"end":{"line":67,"column":60}},"loc":{"start":{"line":67,"column":92},"end":{"line":82,"column":1}},"line":67},"4":{"name":"(anonymous_4)","decl":{"start":{"line":84,"column":23},"end":{"line":84,"column":24}},"loc":{"start":{"line":84,"column":39},"end":{"line":86,"column":1}},"line":84},"5":{"name":"(anonymous_5)","decl":{"start":{"line":88,"column":25},"end":{"line":88,"column":26}},"loc":{"start":{"line":88,"column":39},"end":{"line":92,"column":1}},"line":88},"6":{"name":"(anonymous_6)","decl":{"start":{"line":89,"column":20},"end":{"line":89,"column":21}},"loc":{"start":{"line":89,"column":35},"end":{"line":91,"column":3}},"line":89},"7":{"name":"(anonymous_7)","decl":{"start":{"line":94,"column":19},"end":{"line":94,"column":20}},"loc":{"start":{"line":94,"column":39},"end":{"line":104,"column":1}},"line":94},"8":{"name":"(anonymous_8)","decl":{"start":{"line":95,"column":33},"end":{"line":95,"column":34}},"loc":{"start":{"line":95,"column":54},"end":{"line":103,"column":3}},"line":95},"9":{"name":"(anonymous_9)","decl":{"start":{"line":99,"column":20},"end":{"line":99,"column":21}},"loc":{"start":{"line":99,"column":29},"end":{"line":102,"column":5}},"line":99},"10":{"name":"(anonymous_10)","decl":{"start":{"line":107,"column":22},"end":{"line":107,"column":23}},"loc":{"start":{"line":107,"column":42},"end":{"line":127,"column":1}},"line":107},"11":{"name":"run","decl":{"start":{"line":141,"column":15},"end":{"line":141,"column":18}},"loc":{"start":{"line":141,"column":21},"end":{"line":249,"column":1}},"line":141},"12":{"name":"(anonymous_12)","decl":{"start":{"line":148,"column":29},"end":{"line":148,"column":30}},"loc":{"start":{"line":148,"column":49},"end":{"line":157,"column":5}},"line":148},"13":{"name":"(anonymous_13)","decl":{"start":{"line":159,"column":27},"end":{"line":159,"column":28}},"loc":{"start":{"line":159,"column":47},"end":{"line":173,"column":5}},"line":159},"14":{"name":"(anonymous_14)","decl":{"start":{"line":175,"column":28},"end":{"line":175,"column":29}},"loc":{"start":{"line":175,"column":48},"end":{"line":185,"column":5}},"line":175},"15":{"name":"(anonymous_15)","decl":{"start":{"line":187,"column":25},"end":{"line":187,"column":26}},"loc":{"start":{"line":187,"column":45},"end":{"line":197,"column":5}},"line":187},"16":{"name":"(anonymous_16)","decl":{"start":{"line":199,"column":26},"end":{"line":199,"column":27}},"loc":{"start":{"line":199,"column":46},"end":{"line":211,"column":5}},"line":199},"17":{"name":"(anonymous_17)","decl":{"start":{"line":214,"column":33},"end":{"line":214,"column":34}},"loc":{"start":{"line":214,"column":53},"end":{"line":226,"column":3}},"line":214},"18":{"name":"(anonymous_18)","decl":{"start":{"line":229,"column":35},"end":{"line":229,"column":36}},"loc":{"start":{"line":229,"column":55},"end":{"line":241,"column":3}},"line":229},"19":{"name":"runMongoClient","decl":{"start":{"line":254,"column":15},"end":{"line":254,"column":29}},"loc":{"start":{"line":254,"column":32},"end":{"line":290,"column":1}},"line":254},"20":{"name":"(anonymous_20)","decl":{"start":{"line":262,"column":26},"end":{"line":262,"column":27}},"loc":{"start":{"line":262,"column":46},"end":{"line":270,"column":5}},"line":262},"21":{"name":"(anonymous_21)","decl":{"start":{"line":272,"column":29},"end":{"line":272,"column":30}},"loc":{"start":{"line":272,"column":49},"end":{"line":282,"column":7}},"line":272},"22":{"name":"(anonymous_22)","decl":{"start":{"line":294,"column":17},"end":{"line":294,"column":18}},"loc":{"start":{"line":294,"column":31},"end":{"line":299,"column":1}},"line":294},"23":{"name":"(anonymous_23)","decl":{"start":{"line":301,"column":22},"end":{"line":301,"column":23}},"loc":{"start":{"line":301,"column":42},"end":{"line":311,"column":1}},"line":301},"24":{"name":"(anonymous_24)","decl":{"start":{"line":317,"column":30},"end":{"line":317,"column":31}},"loc":{"start":{"line":317,"column":50},"end":{"line":336,"column":3}},"line":317},"25":{"name":"(anonymous_25)","decl":{"start":{"line":338,"column":28},"end":{"line":338,"column":29}},"loc":{"start":{"line":338,"column":48},"end":{"line":357,"column":3}},"line":338},"26":{"name":"(anonymous_26)","decl":{"start":{"line":360,"column":32},"end":{"line":360,"column":33}},"loc":{"start":{"line":360,"column":52},"end":{"line":383,"column":3}},"line":360},"27":{"name":"(anonymous_27)","decl":{"start":{"line":385,"column":27},"end":{"line":385,"column":28}},"loc":{"start":{"line":385,"column":47},"end":{"line":392,"column":3}},"line":385},"28":{"name":"(anonymous_28)","decl":{"start":{"line":395,"column":28},"end":{"line":395,"column":29}},"loc":{"start":{"line":395,"column":48},"end":{"line":414,"column":3}},"line":395},"29":{"name":"(anonymous_29)","decl":{"start":{"line":415,"column":24},"end":{"line":415,"column":25}},"loc":{"start":{"line":415,"column":44},"end":{"line":431,"column":3}},"line":415},"30":{"name":"(anonymous_30)","decl":{"start":{"line":418,"column":41},"end":{"line":418,"column":42}},"loc":{"start":{"line":418,"column":57},"end":{"line":426,"column":7}},"line":418},"31":{"name":"(anonymous_31)","decl":{"start":{"line":433,"column":38},"end":{"line":433,"column":39}},"loc":{"start":{"line":433,"column":58},"end":{"line":445,"column":3}},"line":433},"32":{"name":"(anonymous_32)","decl":{"start":{"line":453,"column":17},"end":{"line":453,"column":18}},"loc":{"start":{"line":453,"column":23},"end":{"line":455,"column":1}},"line":453}},"branchMap":{"0":{"loc":{"start":{"line":57,"column":4},"end":{"line":59,"column":5}},"type":"if","locations":[{"start":{"line":57,"column":4},"end":{"line":59,"column":5}},{"start":{},"end":{}}],"line":57},"1":{"loc":{"start":{"line":71,"column":4},"end":{"line":73,"column":5}},"type":"if","locations":[{"start":{"line":71,"column":4},"end":{"line":73,"column":5}},{"start":{},"end":{}}],"line":71},"2":{"loc":{"start":{"line":75,"column":4},"end":{"line":77,"column":5}},"type":"if","locations":[{"start":{"line":75,"column":4},"end":{"line":77,"column":5}},{"start":{},"end":{}}],"line":75},"3":{"loc":{"start":{"line":96,"column":4},"end":{"line":96,"column":30}},"type":"if","locations":[{"start":{"line":96,"column":4},"end":{"line":96,"column":30}},{"start":{},"end":{}}],"line":96},"4":{"loc":{"start":{"line":97,"column":4},"end":{"line":97,"column":57}},"type":"if","locations":[{"start":{"line":97,"column":4},"end":{"line":97,"column":57}},{"start":{},"end":{}}],"line":97},"5":{"loc":{"start":{"line":100,"column":6},"end":{"line":100,"column":32}},"type":"if","locations":[{"start":{"line":100,"column":6},"end":{"line":100,"column":32}},{"start":{},"end":{}}],"line":100},"6":{"loc":{"start":{"line":111,"column":2},"end":{"line":113,"column":3}},"type":"if","locations":[{"start":{"line":111,"column":2},"end":{"line":113,"column":3}},{"start":{},"end":{}}],"line":111},"7":{"loc":{"start":{"line":202,"column":8},"end":{"line":204,"column":9}},"type":"if","locations":[{"start":{"line":202,"column":8},"end":{"line":204,"column":9}},{"start":{},"end":{}}],"line":202},"8":{"loc":{"start":{"line":295,"column":2},"end":{"line":297,"column":3}},"type":"if","locations":[{"start":{"line":295,"column":2},"end":{"line":297,"column":3}},{"start":{},"end":{}}],"line":295},"9":{"loc":{"start":{"line":327,"column":6},"end":{"line":329,"column":7}},"type":"if","locations":[{"start":{"line":327,"column":6},"end":{"line":329,"column":7}},{"start":{},"end":{}}],"line":327},"10":{"loc":{"start":{"line":348,"column":6},"end":{"line":350,"column":7}},"type":"if","locations":[{"start":{"line":348,"column":6},"end":{"line":350,"column":7}},{"start":{},"end":{}}],"line":348},"11":{"loc":{"start":{"line":363,"column":4},"end":{"line":365,"column":5}},"type":"if","locations":[{"start":{"line":363,"column":4},"end":{"line":365,"column":5}},{"start":{},"end":{}}],"line":363},"12":{"loc":{"start":{"line":363,"column":8},"end":{"line":363,"column":57}},"type":"binary-expr","locations":[{"start":{"line":363,"column":8},"end":{"line":363,"column":30}},{"start":{"line":363,"column":34},"end":{"line":363,"column":57}}],"line":363},"13":{"loc":{"start":{"line":375,"column":6},"end":{"line":377,"column":7}},"type":"if","locations":[{"start":{"line":375,"column":6},"end":{"line":377,"column":7}},{"start":{},"end":{}}],"line":375},"14":{"loc":{"start":{"line":436,"column":6},"end":{"line":438,"column":7}},"type":"if","locations":[{"start":{"line":436,"column":6},"end":{"line":438,"column":7}},{"start":{},"end":{}}],"line":436}},"s":{"0":1,"1":1,"2":1,"3":1,"4":1,"5":1,"6":1,"7":1,"8":1,"9":1,"10":1,"11":1,"12":1,"13":1,"14":1,"15":1,"16":1,"17":0,"18":1,"19":1,"20":1,"21":1,"22":1,"23":0,"24":0,"25":0,"26":0,"27":0,"28":0,"29":1,"30":0,"31":0,"32":0,"33":0,"34":0,"35":0,"36":0,"37":0,"38":0,"39":1,"40":0,"41":1,"42":0,"43":0,"44":1,"45":0,"46":0,"47":0,"48":0,"49":0,"50":0,"51":0,"52":0,"53":0,"54":1,"55":0,"56":0,"57":0,"58":0,"59":0,"60":0,"61":0,"62":0,"63":0,"64":0,"65":1,"66":1,"67":1,"68":0,"69":0,"70":0,"71":0,"72":0,"73":0,"74":0,"75":0,"76":0,"77":0,"78":0,"79":0,"80":0,"81":0,"82":0,"83":0,"84":0,"85":0,"86":0,"87":0,"88":0,"89":0,"90":0,"91":0,"92":0,"93":0,"94":0,"95":0,"96":0,"97":0,"98":0,"99":0,"100":0,"101":0,"102":0,"103":0,"104":0,"105":0,"106":0,"107":0,"108":0,"109":0,"110":0,"111":0,"112":0,"113":0,"114":0,"115":0,"116":0,"117":0,"118":0,"119":0,"120":0,"121":0,"122":0,"123":0,"124":0,"125":0,"126":0,"127":0,"128":0,"129":0,"130":0,"131":0,"132":0,"133":1,"134":1,"135":1,"136":1,"137":0,"138":0,"139":0,"140":0,"141":0,"142":0,"143":0,"144":0,"145":0,"146":0,"147":0,"148":0,"149":0,"150":0,"151":0,"152":0,"153":0,"154":0,"155":1,"156":1,"157":1,"158":0,"159":0,"160":0,"161":1,"162":0,"163":0,"164":0,"165":0,"166":0,"167":0,"168":1,"169":0,"170":0,"171":0,"172":0,"173":0,"174":0,"175":0,"176":0,"177":0,"178":0,"179":0,"180":0,"181":1,"182":0,"183":0,"184":0,"185":0,"186":0,"187":0,"188":0,"189":0,"190":0,"191":1,"192":0,"193":0,"194":0,"195":0,"196":0,"197":0,"198":0,"199":0,"200":0,"201":0,"202":1,"203":0,"204":0,"205":0,"206":0,"207":1,"208":0,"209":0,"210":0,"211":0,"212":0,"213":0,"214":1,"215":0,"216":0,"217":0,"218":0,"219":0,"220":0,"221":1,"222":0,"223":0,"224":0,"225":0,"226":0,"227":0,"228":0,"229":0,"230":1,"231":1},"f":{"0":0,"1":1,"2":0,"3":0,"4":0,"5":0,"6":0,"7":0,"8":0,"9":0,"10":0,"11":1,"12":0,"13":0,"14":0,"15":0,"16":0,"17":0,"18":0,"19":1,"20":0,"21":0,"22":0,"23":0,"24":0,"25":0,"26":0,"27":0,"28":0,"29":0,"30":0,"31":0,"32":1},"b":{"0":[0,0],"1":[0,0],"2":[0,0],"3":[0,0],"4":[0,0],"5":[0,0],"6":[0,0],"7":[0,0],"8":[0,0],"9":[0,0],"10":[0,0],"11":[0,0],"12":[0,0],"13":[0,0],"14":[0,0]},"_coverageSchema":"1a1c01bbd47fc00a2c39e90264f33305004495a9","hash":"dcfd8405a3d16fd431cb6cf171d3b35d06a40cc3"}
,"/home/aditya/SOI_WebDev_2024/server/models/BookRequest.js": {"path":"/home/aditya/SOI_WebDev_2024/server/models/BookRequest.js","statementMap":{"0":{"start":{"line":1,"column":17},"end":{"line":1,"column":36}},"1":{"start":{"line":3,"column":26},"end":{"line":35,"column":2}},"2":{"start":{"line":37,"column":0},"end":{"line":37,"column":66}}},"fnMap":{},"branchMap":{},"s":{"0":1,"1":1,"2":1},"f":{},"b":{},"_coverageSchema":"1a1c01bbd47fc00a2c39e90264f33305004495a9","hash":"0d84e8041567350fb5093a7fceddadfd2b79f15d"}
,"/home/aditya/SOI_WebDev_2024/server/models/Contacts.js": {"path":"/home/aditya/SOI_WebDev_2024/server/models/Contacts.js","statementMap":{"0":{"start":{"line":1,"column":17},"end":{"line":1,"column":36}},"1":{"start":{"line":3,"column":22},"end":{"line":9,"column":2}},"2":{"start":{"line":11,"column":16},"end":{"line":11,"column":56}},"3":{"start":{"line":13,"column":0},"end":{"line":13,"column":25}}},"fnMap":{},"branchMap":{},"s":{"0":1,"1":1,"2":1,"3":1},"f":{},"b":{},"_coverageSchema":"1a1c01bbd47fc00a2c39e90264f33305004495a9","hash":"673dfe04a704b6355a525bf57690977c99823e68"}
,"/home/aditya/SOI_WebDev_2024/server/models/Users.js": {"path":"/home/aditya/SOI_WebDev_2024/server/models/Users.js","statementMap":{"0":{"start":{"line":1,"column":17},"end":{"line":1,"column":36}},"1":{"start":{"line":2,"column":15},"end":{"line":2,"column":32}},"2":{"start":{"line":4,"column":19},"end":{"line":16,"column":2}},"3":{"start":{"line":18,"column":0},"end":{"line":25,"column":3}},"4":{"start":{"line":19,"column":15},"end":{"line":19,"column":19}},"5":{"start":{"line":20,"column":2},"end":{"line":20,"column":50}},"6":{"start":{"line":20,"column":36},"end":{"line":20,"column":50}},"7":{"start":{"line":21,"column":15},"end":{"line":21,"column":39}},"8":{"start":{"line":22,"column":15},"end":{"line":22,"column":53}},"9":{"start":{"line":23,"column":2},"end":{"line":23,"column":23}},"10":{"start":{"line":24,"column":2},"end":{"line":24,"column":9}},"11":{"start":{"line":27,"column":0},"end":{"line":30,"column":2}},"12":{"start":{"line":28,"column":15},"end":{"line":28,"column":19}},"13":{"start":{"line":29,"column":2},"end":{"line":29,"column":55}},"14":{"start":{"line":32,"column":13},"end":{"line":32,"column":47}},"15":{"start":{"line":33,"column":0},"end":{"line":33,"column":22}}},"fnMap":{"0":{"name":"(anonymous_0)","decl":{"start":{"line":18,"column":23},"end":{"line":18,"column":24}},"loc":{"start":{"line":18,"column":44},"end":{"line":25,"column":1}},"line":18},"1":{"name":"(anonymous_1)","decl":{"start":{"line":27,"column":37},"end":{"line":27,"column":38}},"loc":{"start":{"line":27,"column":62},"end":{"line":30,"column":1}},"line":27}},"branchMap":{"0":{"loc":{"start":{"line":20,"column":2},"end":{"line":20,"column":50}},"type":"if","locations":[{"start":{"line":20,"column":2},"end":{"line":20,"column":50}},{"start":{},"end":{}}],"line":20}},"s":{"0":1,"1":1,"2":1,"3":1,"4":0,"5":0,"6":0,"7":0,"8":0,"9":0,"10":0,"11":1,"12":0,"13":0,"14":1,"15":1},"f":{"0":0,"1":0},"b":{"0":[0,0]},"_coverageSchema":"1a1c01bbd47fc00a2c39e90264f33305004495a9","hash":"99a5d5e4fa9b4c348d57d72192cedb6a12829d1e"}
}
