TN:
SF:index.js
FN:29,(anonymous_0)
FN:31,(anonymous_1)
FN:49,(anonymous_2)
FN:67,(anonymous_3)
FN:84,(anonymous_4)
FN:88,(anonymous_5)
FN:89,(anonymous_6)
FN:94,(anonymous_7)
FN:95,(anonymous_8)
FN:99,(anonymous_9)
FN:107,(anonymous_10)
FN:141,run
FN:148,(anonymous_12)
FN:159,(anonymous_13)
FN:175,(anonymous_14)
FN:187,(anonymous_15)
FN:199,(anonymous_16)
FN:214,(anonymous_17)
FN:229,(anonymous_18)
FN:254,runMongoClient
FN:262,(anonymous_20)
FN:272,(anonymous_21)
FN:294,(anonymous_22)
FN:301,(anonymous_23)
FN:317,(anonymous_24)
FN:338,(anonymous_25)
FN:360,(anonymous_26)
FN:385,(anonymous_27)
FN:395,(anonymous_28)
FN:415,(anonymous_29)
FN:418,(anonymous_30)
FN:433,(anonymous_31)
FN:453,(anonymous_32)
FNF:33
FNH:4
FNDA:0,(anonymous_0)
FNDA:1,(anonymous_1)
FNDA:0,(anonymous_2)
FNDA:0,(anonymous_3)
FNDA:0,(anonymous_4)
FNDA:0,(anonymous_5)
FNDA:0,(anonymous_6)
FNDA:0,(anonymous_7)
FNDA:0,(anonymous_8)
FNDA:0,(anonymous_9)
FNDA:0,(anonymous_10)
FNDA:1,run
FNDA:0,(anonymous_12)
FNDA:0,(anonymous_13)
FNDA:0,(anonymous_14)
FNDA:0,(anonymous_15)
FNDA:0,(anonymous_16)
FNDA:0,(anonymous_17)
FNDA:0,(anonymous_18)
FNDA:1,runMongoClient
FNDA:0,(anonymous_20)
FNDA:0,(anonymous_21)
FNDA:0,(anonymous_22)
FNDA:0,(anonymous_23)
FNDA:0,(anonymous_24)
FNDA:0,(anonymous_25)
FNDA:0,(anonymous_26)
FNDA:0,(anonymous_27)
FNDA:0,(anonymous_28)
FNDA:0,(anonymous_29)
FNDA:0,(anonymous_30)
FNDA:0,(anonymous_31)
FNDA:1,(anonymous_32)
DA:1,1
DA:2,1
DA:3,1
DA:4,1
DA:5,1
DA:6,1
DA:7,1
DA:8,1
DA:9,1
DA:10,1
DA:11,1
DA:12,1
DA:13,1
DA:14,1
DA:15,1
DA:24,1
DA:25,1
DA:30,0
DA:32,1
DA:36,1
DA:44,1
DA:45,1
DA:49,1
DA:50,0
DA:51,0
DA:57,0
DA:58,0
DA:60,0
DA:62,0
DA:67,1
DA:68,0
DA:69,0
DA:71,0
DA:72,0
DA:74,0
DA:75,0
DA:76,0
DA:78,0
DA:80,0
DA:84,1
DA:85,0
DA:88,1
DA:89,0
DA:90,0
DA:94,1
DA:95,0
DA:96,0
DA:97,0
DA:99,0
DA:100,0
DA:101,0
DA:107,1
DA:108,0
DA:111,0
DA:112,0
DA:115,0
DA:117,0
DA:120,0
DA:121,0
DA:122,0
DA:124,0
DA:125,0
DA:133,1
DA:142,1
DA:143,1
DA:144,0
DA:146,0
DA:148,0
DA:149,0
DA:150,0
DA:151,0
DA:152,0
DA:154,0
DA:155,0
DA:159,0
DA:160,0
DA:161,0
DA:162,0
DA:163,0
DA:164,0
DA:165,0
DA:167,0
DA:168,0
DA:170,0
DA:171,0
DA:175,0
DA:176,0
DA:177,0
DA:178,0
DA:179,0
DA:180,0
DA:182,0
DA:183,0
DA:187,0
DA:188,0
DA:189,0
DA:190,0
DA:191,0
DA:192,0
DA:194,0
DA:195,0
DA:199,0
DA:200,0
DA:201,0
DA:202,0
DA:203,0
DA:205,0
DA:206,0
DA:208,0
DA:209,0
DA:214,0
DA:215,0
DA:216,0
DA:217,0
DA:218,0
DA:220,0
DA:221,0
DA:223,0
DA:224,0
DA:229,0
DA:230,0
DA:231,0
DA:232,0
DA:233,0
DA:235,0
DA:236,0
DA:238,0
DA:239,0
DA:244,0
DA:245,0
DA:247,1
DA:251,1
DA:255,1
DA:256,1
DA:257,0
DA:259,0
DA:262,0
DA:263,0
DA:264,0
DA:265,0
DA:267,0
DA:268,0
DA:272,0
DA:273,0
DA:274,0
DA:275,0
DA:276,0
DA:277,0
DA:279,0
DA:280,0
DA:285,0
DA:286,0
DA:288,1
DA:292,1
DA:294,1
DA:295,0
DA:296,0
DA:298,0
DA:301,1
DA:302,0
DA:303,0
DA:305,0
DA:306,0
DA:307,0
DA:309,0
DA:317,1
DA:318,0
DA:319,0
DA:320,0
DA:321,0
DA:322,0
DA:323,0
DA:325,0
DA:327,0
DA:328,0
DA:331,0
DA:333,0
DA:334,0
DA:338,1
DA:339,0
DA:340,0
DA:341,0
DA:342,0
DA:348,0
DA:349,0
DA:352,0
DA:354,0
DA:355,0
DA:360,1
DA:361,0
DA:363,0
DA:364,0
DA:367,0
DA:368,0
DA:369,0
DA:375,0
DA:376,0
DA:379,0
DA:381,0
DA:385,1
DA:386,0
DA:387,0
DA:388,0
DA:390,0
DA:395,1
DA:396,0
DA:398,0
DA:408,0
DA:409,0
DA:410,0
DA:412,0
DA:415,1
DA:416,0
DA:417,0
DA:418,0
DA:427,0
DA:429,0
DA:433,1
DA:434,0
DA:435,0
DA:436,0
DA:437,0
DA:439,0
DA:440,0
DA:441,0
DA:443,0
DA:453,1
DA:454,1
LF:228
LH:47
BRDA:57,0,0,0
BRDA:57,0,1,0
BRDA:71,1,0,0
BRDA:71,1,1,0
BRDA:75,2,0,0
BRDA:75,2,1,0
BRDA:96,3,0,0
BRDA:96,3,1,0
BRDA:97,4,0,0
BRDA:97,4,1,0
BRDA:100,5,0,0
BRDA:100,5,1,0
BRDA:111,6,0,0
BRDA:111,6,1,0
BRDA:202,7,0,0
BRDA:202,7,1,0
BRDA:295,8,0,0
BRDA:295,8,1,0
BRDA:327,9,0,0
BRDA:327,9,1,0
BRDA:348,10,0,0
BRDA:348,10,1,0
BRDA:363,11,0,0
BRDA:363,11,1,0
BRDA:363,12,0,0
BRDA:363,12,1,0
BRDA:375,13,0,0
BRDA:375,13,1,0
BRDA:436,14,0,0
BRDA:436,14,1,0
BRF:30
BRH:0
end_of_record
TN:
SF:models/BookRequest.js
FNF:0
FNH:0
DA:1,1
DA:3,1
DA:37,1
LF:3
LH:3
BRF:0
BRH:0
end_of_record
TN:
SF:models/Contacts.js
FNF:0
FNH:0
DA:1,1
DA:3,1
DA:11,1
DA:13,1
LF:4
LH:4
BRF:0
BRH:0
end_of_record
TN:
SF:models/Users.js
FN:18,(anonymous_0)
FN:27,(anonymous_1)
FNF:2
FNH:0
FNDA:0,(anonymous_0)
FNDA:0,(anonymous_1)
DA:1,1
DA:2,1
DA:4,1
DA:18,1
DA:19,0
DA:20,0
DA:21,0
DA:22,0
DA:23,0
DA:24,0
DA:27,1
DA:28,0
DA:29,0
DA:32,1
DA:33,1
LF:15
LH:7
BRDA:20,0,0,0
BRDA:20,0,1,0
BRF:2
BRH:0
end_of_record
